"C:/Users/Mohamed Kwaik/Desktop/FurFury/Content/Meshes/FurFur/furfur_rigged_Skeleton.uasset" 0
"C:/Users/Mohamed Kwaik/Desktop/FurFury/Content/Animation/FurFurAnimations/Jumpcycle_Draft.uasset" 1
"C:/Users/Mohamed Kwaik/Desktop/FurFury/Content/Animation/FurFurAnimations/longidlecycle_Draft.uasset" 2
"C:/Users/Mohamed Kwaik/Desktop/FurFury/Content/Animation/FurFurAnimations/simplemele_draft.uasset" 3
"C:/Users/Mohamed Kwaik/Desktop/FurFury/Content/Audio/ignore.uasset" 4
"C:/Users/Mohamed Kwaik/Desktop/FurFury/Content/Materials/Ignore.uasset" 5
"C:/Users/Mohamed Kwaik/Desktop/FurFury/Content/Particles/Ignore.uasset" 6
"C:/Users/Mohamed Kwaik/Desktop/FurFury/Content/Textures/TextureTest.uasset" 7
"../../../Engine/Content/Animation/DefaultAnimCurveCompressionSettings.uasset" 8
"../../../Engine/Content/Functions/Engine_MaterialFunctions01/Opacity/CameraDepthFade.uasset" 9
"../../../Engine/Content/EngineMaterials/T_Default_Material_Grid_M.uasset" 10
"../../../Engine/Content/EngineMaterials/T_Default_Material_Grid_N.uasset" 11
"../../../Engine/Content/EngineMaterials/WorldGridMaterial.uasset" 12
"../../../Engine/Content/ArtTools/RenderToTexture/Meshes/S_1_Unit_Plane.uasset" 13
"../../../Engine/Content/EngineMaterials/DefaultMaterial.uasset" 14
"../../../Engine/Content/BasicShapes/Cone.uasset" 15
"../../../Engine/Content/BasicShapes/Cube.uasset" 16
"../../../Engine/Content/BasicShapes/Cylinder.uasset" 17
"../../../Engine/Content/BasicShapes/Plane.uasset" 18
"../../../Engine/Content/BasicShapes/Sphere.uasset" 19
"../../../Engine/Content/EditorLandscapeResources/DataLayer.uasset" 20
"../../../Engine/Content/EditorMaterials/MAT_Groups_Toggle.uasset" 21
"../../../Engine/Content/EditorMaterials/MAT_Groups_Visibility.uasset" 22
"../../../Engine/Content/EditorMaterials/PreviewShadowIndicator.uasset" 23
"../../../Engine/Content/EditorMaterials/PreviewShadowIndicatorMaterial.uasset" 24
"../../../Engine/Content/EditorMaterials/MatineeGroups/MAT_ColorTrack.uasset" 25
"../../../Engine/Content/EditorMaterials/MatineeGroups/MAT_Groups_Anim.uasset" 26
"../../../Engine/Content/EditorMaterials/MatineeGroups/MAT_Groups_AudioMaster.uasset" 27
"../../../Engine/Content/EditorMaterials/MatineeGroups/MAT_Groups_Director.uasset" 28
"../../../Engine/Content/EditorMaterials/MatineeGroups/MAT_Groups_Event.uasset" 29
"../../../Engine/Content/EditorMaterials/MatineeGroups/MAT_Groups_Fade.uasset" 30
"../../../Engine/Content/EditorMaterials/MatineeGroups/MAT_Groups_Float.uasset" 31
"../../../Engine/Content/EditorMaterials/MatineeGroups/MAT_Groups_Move.uasset" 32
"../../../Engine/Content/EditorMaterials/MatineeGroups/MAT_Groups_Slomo.uasset" 33
"../../../Engine/Content/EditorMaterials/MatineeGroups/MAT_Groups_Sound.uasset" 34
"../../../Engine/Content/EditorMaterials/MatineeGroups/MAT_Groups_Vector.uasset" 35
"../../../Engine/Content/EditorMaterials/ParticleSystems/PSysThumbnail_NoImage.uasset" 36
"../../../Engine/Content/EditorMaterials/ParticleSystems/PSysThumbnail_OOD.uasset" 37
"../../../Engine/Content/EditorMaterials/Camera/CineMat.uasset" 38
"../../../Engine/Content/EditorMaterials/Camera/MI_CineMat_Rig.uasset" 39
"../../../Engine/Content/EditorMeshes/Camera/SM_CraneRig_Arm.uasset" 40
"../../../Engine/Content/EditorMeshes/Camera/SM_CraneRig_Base.uasset" 41
"../../../Engine/Content/EditorMeshes/Camera/SM_CraneRig_Body.uasset" 42
"../../../Engine/Content/EditorMeshes/Camera/SM_CraneRig_Mount.uasset" 43
"../../../Engine/Content/EditorMeshes/Camera/SM_RailRig_Mount.uasset" 44
"../../../Engine/Content/EditorMeshes/Camera/SM_RailRig_Track.uasset" 45
"../../../Engine/Content/EditorResources/BSPVertex.uasset" 46
"../../../Engine/Content/EditorResources/EmptyActor.uasset" 47
"../../../Engine/Content/EditorResources/S_Actor.uasset" 48
"../../../Engine/Content/EditorResources/S_Note.uasset" 49
"../../../Engine/Content/EditorResources/S_Solver.uasset" 50
"../../../Engine/Content/EditorResources/S_Trigger.uasset" 51
"../../../Engine/Content/EditorResources/LightIcons/S_LightError.uasset" 52
"../../../Engine/Content/EditorResources/SequenceRecorder/Countdown.uasset" 53
"../../../Engine/Content/EditorResources/SequenceRecorder/RecordingIndicator.uasset" 54
"../../../Engine/Content/EditorSounds/Notifications/CompileFailed.uasset" 55
"../../../Engine/Content/EditorSounds/Notifications/CompileFailed_Cue.uasset" 56
"../../../Engine/Content/EditorSounds/Notifications/CompileSuccess.uasset" 57
"../../../Engine/Content/EditorSounds/Notifications/CompileStart_Cue.uasset" 58
"../../../Engine/Content/EditorSounds/Notifications/CompileSuccess_Cue.uasset" 59
"../../../Engine/Content/EngineDamageTypes/DmgTypeBP_Environmental.uasset" 60
"../../../Engine/Content/EngineDebugMaterials/DebugEditorMaterial.uasset" 61
"../../../Engine/Content/EngineDebugMaterials/DebugMeshMaterial.uasset" 62
"../../../Engine/Content/EngineDebugMaterials/M_SimpleTranslucent.uasset" 63
"../../../Engine/Content/Functions/Engine_MaterialFunctions02/Utility/CameraDirectionVector.uasset" 64
"../../../Engine/Content/EngineDebugMaterials/VolumeToRender.uasset" 65
"../../../Engine/Content/EngineDebugMaterials/M_VolumeRenderSphereTracePP.uasset" 66
"../../../Engine/Content/EngineDebugMaterials/WireframeMaterial.uasset" 67
"../../../Engine/Content/EngineFonts/Faces/DroidSansFallback.uasset" 68
"../../../Engine/Content/EngineFonts/Faces/RobotoBold.uasset" 69
"../../../Engine/Content/EngineFonts/Faces/RobotoBoldItalic.uasset" 70
"../../../Engine/Content/EngineFonts/Faces/RobotoItalic.uasset" 71
"../../../Engine/Content/EngineFonts/Faces/RobotoLight.uasset" 72
"../../../Engine/Content/EngineFonts/Faces/RobotoRegular.uasset" 73
"../../../Engine/Content/EngineFonts/Roboto.uasset" 74
"../../../Engine/Content/EngineMaterials/BaseFlattenDiffuseMap.uasset" 75
"../../../Engine/Content/EngineMaterials/BaseFlattenEmissiveMap.uasset" 76
"../../../Engine/Content/EngineMaterials/BaseFlattenGrayscaleMap.uasset" 77
"../../../Engine/Content/EngineMaterials/BaseFlattenNormalMap.uasset" 78
"../../../Engine/Content/EngineMaterials/BaseFlattenMaterial.uasset" 79
"../../../Engine/Content/EngineMaterials/BlueNoise.uasset" 80
"../../../Engine/Content/EngineMaterials/DefaultBloomKernel.uasset" 81
"../../../Engine/Content/EngineMaterials/DefaultBokeh.uasset" 82
"../../../Engine/Content/EngineMaterials/DefaultDiffuse.uasset" 83
"../../../Engine/Content/EngineMaterials/DefaultDeferredDecalMaterial.uasset" 84
"../../../Engine/Content/EngineMaterials/DefaultLightFunctionMaterial.uasset" 85
"../../../Engine/Content/EngineMaterials/DefaultPhysicalMaterial.uasset" 86
"../../../Engine/Content/Functions/Engine_MaterialFunctions02/Utility/BreakOutFloat2Components.uasset" 87
"../../../Engine/Content/EngineMaterials/DefaultPostProcessMaterial.uasset" 88
"../../../Engine/Content/EngineFonts/RobotoDistanceField.uasset" 89
"../../../Engine/Content/EngineMaterials/DefaultTextMaterialOpaque.uasset" 90
"../../../Engine/Content/EngineMaterials/DefaultVirtualTextureMaterial.uasset" 91
"../../../Engine/Content/EngineMaterials/DefaultWhiteGrid.uasset" 92
"../../../Engine/Content/EngineMaterials/DefaultWhiteGrid_Low.uasset" 93
"../../../Engine/Content/EngineMaterials/EmissiveMeshMaterial.uasset" 94
"../../../Engine/Content/EngineMaterials/GizmoMaterial.uasset" 95
"../../../Engine/Content/EngineMaterials/Good64x64TilingNoiseHighFreq.uasset" 96
"../../../Engine/Content/EngineMaterials/HairDefaultMaterial.uasset" 97
"../../../Engine/Content/EngineMaterials/MiniFont.uasset" 98
"../../../Engine/Content/EngineMaterials/InvalidLightmapSettings.uasset" 99
"../../../Engine/Content/EngineMaterials/M_InvalidLightmapSettings.uasset" 100
"../../../Engine/Content/Functions/Engine_MaterialFunctions02/WorldPositionOffset/CameraOffset.uasset" 101
"../../../Engine/Content/EngineMaterials/PhAT_JointLimitMaterial.uasset" 102
"../../../Engine/Content/EngineMaterials/PreintegratedSkinBRDF.uasset" 103
"../../../Engine/Content/EngineMaterials/RemoveSurfaceMaterial.uasset" 104
"../../../Engine/Content/EngineMaterials/WeightMapPlaceholderTexture.uasset" 105
"../../../Engine/Content/EngineResources/WhiteSquareTexture.uasset" 106
"../../../Engine/Content/EngineMaterials/Widget3DPassThrough.uasset" 107
"../../../Engine/Content/EngineMaterials/Widget3DPassThrough_Masked.uasset" 108
"../../../Engine/Content/EngineMaterials/Widget3DPassThrough_Opaque.uasset" 109
"../../../Engine/Content/EngineMaterials/Widget3DPassThrough_Masked_OneSided.uasset" 110
"../../../Engine/Content/EngineMaterials/Widget3DPassThrough_Opaque_OneSided.uasset" 111
"../../../Engine/Content/EngineMaterials/Widget3DPassThrough_Translucent.uasset" 112
"../../../Engine/Content/EngineMaterials/Widget3DPassThrough_Translucent_OneSided.uasset" 113
"../../../Engine/Content/EngineMeshes/Cylinder.uasset" 114
"../../../Engine/Content/EngineMeshes/Sphere.uasset" 115
"../../../Engine/Content/EngineResources/Black.uasset" 116
"../../../Engine/Content/EngineResources/DefaultTexture.uasset" 117
"../../../Engine/Content/EngineResources/DefaultTextureCube.uasset" 118
"../../../Engine/Content/EngineResources/DefaultVolumeTexture2D.uasset" 119
"../../../Engine/Content/EngineResources/DefaultVolumeTexture.uasset" 120
"../../../Engine/Content/EngineResources/GradientTexture0.uasset" 121
"../../../Engine/Content/EngineSounds/Master.uasset" 122
"../../../Engine/Content/Functions/Engine_MaterialFunctions01/Shading/ConvertFromDiffSpec.uasset" 123
"../../../Engine/Content/Functions/Engine_MaterialFunctions01/Shading/PowerToRoughness.uasset" 124
"../../../Engine/Content/Maps/Templates/Thumbnails/Default.uasset" 125
"../../../Engine/Content/Maps/Templates/Thumbnails/TimeOfDay.uasset" 126
"../../../Engine/Content/Maps/Templates/Thumbnails/VR-Basic.uasset" 127
"../../../Engine/Content/MobileResources/T_MobileControls_texture.uasset" 128
"../../../Engine/Content/MobileResources/T_MobileMenu2.uasset" 129
"../../../Engine/Content/MobileResources/HUD/AnalogHat.uasset" 130
"../../../Engine/Content/MobileResources/HUD/VirtualJoystick_Background.uasset" 131
"../../../Engine/Content/MobileResources/HUD/VirtualJoystick_Thumb.uasset" 132
"../../../Engine/Content/MobileResources/HUD/DefaultVirtualJoysticks.uasset" 133
"../../../Engine/Content/MobileResources/HUD/LeftVirtualJoystickOnly.uasset" 134
"../../../Engine/Content/MobileResources/HUD/MobileHUDButton1_off.uasset" 135
"../../../Engine/Content/MobileResources/HUD/MobileHUDButton1_on.uasset" 136
"../../../Engine/Content/MobileResources/HUD/MobileHUDButton2_off.uasset" 137
"../../../Engine/Content/MobileResources/HUD/MobileHUDButton2_on.uasset" 138
"../../../Engine/Content/MobileResources/HUD/MobileHUDButton3.uasset" 139
"../../../Engine/Content/MobileResources/HUD/MobileHUDButtonFire.uasset" 140
"../../../Engine/Content/MobileResources/HUD/MobileHUDDirectionPad.uasset" 141
"../../../Engine/Content/MobileResources/HUD/MobileHUDDirectionPad2.uasset" 142
"../../../Engine/Content/MobileResources/HUD/MobileHUDDirectionPad3.uasset" 143
"../../../Engine/Content/MobileResources/HUD/MobileHUDDirectionStick.uasset" 144
"../../../Engine/Content/MobileResources/HUD/T_Castle_ThumbstickInner.uasset" 145
"../../../Engine/Content/MobileResources/HUD/T_Castle_ThumbstickOutter.uasset" 146
"../../../Engine/Content/Tutorial/ContentIntroCurve.uasset" 147
"../../../Engine/Content/Tutorial/Basics/LevelEditorAttract.uasset" 148
"../../../Engine/Content/Tutorial/BlueprintTutorials/TutorialAssets/Blueprint_64x.uasset" 149
"../../../Engine/Content/Tutorial/BlueprintTutorials/BlueprintEditorTutorial.uasset" 150
"../../../Engine/Content/VREditor/LaserPointer/VR_LaserPower_01.uasset" 151
"../../../Engine/Content/VREditor/TransformGizmo/TransformGizmoMaterial.uasset" 152
"../../../Engine/Content/VREditor/TransformGizmo/TranslucentTransformGizmoMaterial.uasset" 153
"../../../Engine/Content/VREditor/TransformGizmo/BoundingBoxCorner.uasset" 154
"../../../Engine/Content/VREditor/TransformGizmo/BoundingBoxEdge.uasset" 155
"../../../Engine/Content/VREditor/TransformGizmo/PlaneTranslationHandle.uasset" 156
"../../../Engine/Content/VREditor/TransformGizmo/Main.uasset" 157
"../../../Engine/Content/VREditor/TransformGizmo/Xray.uasset" 158
"../../../Engine/Content/VREditor/TransformGizmo/SM_Sequencer_Key.uasset" 159
"../../../Engine/Content/VREditor/TransformGizmo/SM_Sequencer_Node.uasset" 160
"../../Plugins/2D/Paper2D/Content/PlaceholderTextures/DummySpriteTexture.uasset" 161
"../../Plugins/2D/Paper2D/Content/DummySprite.uasset" 162
"../../Plugins/2D/Paper2D/Content/DefaultPaperTerrainMaterial.uasset" 163
"../../Plugins/2D/Paper2D/Content/DummySpriteTexture.uasset" 164
"../../Plugins/2D/Paper2D/Content/DefaultSpriteMaterial.uasset" 165
"../../Plugins/2D/Paper2D/Content/MaskedUnlitSpriteMaterial.uasset" 166
"../../Plugins/2D/Paper2D/Content/OpaqueUnlitSpriteMaterial.uasset" 167
"../../../Engine/Content/Functions/Engine_MaterialFunctions02/Utility/BreakOutFloat4Components.uasset" 168
"../../../Engine/Content/Functions/Engine_MaterialFunctions02/Utility/MakeFloat2.uasset" 169
"../../../Engine/Content/Functions/Engine_MaterialFunctions02/Utility/MakeFloat3.uasset" 170
"../../Plugins/Runtime/Oculus/OculusVR/Content/Materials/OculusMR_ChromaKey.uasset" 171
"../../Plugins/Runtime/Oculus/OculusVR/Content/Materials/OculusMR_ChromaKey_Lit.uasset" 172
"../../Plugins/Runtime/Oculus/OculusVR/Content/Materials/OculusMR_OpaqueColoredMaterial.uasset" 173
"../../Plugins/Runtime/Oculus/OculusVR/Content/Materials/OculusMR_WhiteMaterial.uasset" 174
"C:/Users/Mohamed Kwaik/Desktop/FurFury/Content/Animation/FurFurAnimations/idlecycle_Draft.uasset" 175
"C:/Users/Mohamed Kwaik/Desktop/FurFury/Content/Animation/FurFurAnimations/walkcycle_Draft.uasset" 176
"C:/Users/Mohamed Kwaik/Desktop/FurFury/Content/Animation/FurFurAnimations/FurFurAnimationBP.uasset" 177
"C:/Users/Mohamed Kwaik/Desktop/FurFury/Content/Meshes/FurFur/lambert1.uasset" 178
"C:/Users/Mohamed Kwaik/Desktop/FurFury/Content/Meshes/FurFur/lambert2.uasset" 179
"C:/Users/Mohamed Kwaik/Desktop/FurFury/Content/Meshes/FurFur/Material.uasset" 180
"C:/Users/Mohamed Kwaik/Desktop/FurFury/Content/Meshes/FurFur/Material_001.uasset" 181
"C:/Users/Mohamed Kwaik/Desktop/FurFury/Content/Meshes/FurFur/Material_005.uasset" 182
"C:/Users/Mohamed Kwaik/Desktop/FurFury/Content/Meshes/FurFur/furfur_rigged_PhysicsAsset.uasset" 183
"C:/Users/Mohamed Kwaik/Desktop/FurFury/Content/Meshes/FurFur/furfur_rigged.uasset" 184
"C:/Users/Mohamed Kwaik/Desktop/FurFury/Content/Blueprints/MyMain.uasset" 185
"../../../Engine/Content/EditorBlueprintResources/StandardMacros.uasset" 186
"../../../Engine/Content/EngineSky/C_Sky_Cloud_Color.uasset" 187
"../../../Engine/Content/EngineSky/C_Sky_Horizon_Color.uasset" 188
"../../../Engine/Content/EngineSky/C_Sky_Zenith_Color.uasset" 189
"../../../Engine/Content/EngineSky/T_Sky_Blue.uasset" 190
"../../../Engine/Content/EngineSky/T_Sky_Clouds_M.uasset" 191
"../../../Engine/Content/EngineSky/T_Sky_Stars.uasset" 192
"../../../Engine/Content/EngineSky/M_Sky_Panning_Clouds2.uasset" 193
"../../../Engine/Content/EngineSky/SM_SkySphere.uasset" 194
"../../../Engine/Content/EngineSky/BP_Sky_Sphere.uasset" 195
"C:/Users/Mohamed Kwaik/Desktop/FurFury/Content/Meshes/Enemy/lambert1.uasset" 196
"C:/Users/Mohamed Kwaik/Desktop/FurFury/Content/Meshes/Enemy/enemy_rigged_PhysicsAsset.uasset" 197
"C:/Users/Mohamed Kwaik/Desktop/FurFury/Content/Meshes/Enemy/enemy_rigged_Skeleton.uasset" 198
"C:/Users/Mohamed Kwaik/Desktop/FurFury/Content/Meshes/Enemy/enemy_rigged.uasset" 199
"C:/Users/Mohamed Kwaik/Desktop/FurFury/Content/Blueprints/Enemy_BP.uasset" 200
"C:/Users/Mohamed Kwaik/Desktop/FurFury/Content/Maps/NewMap_BuiltData.uasset" 201
"C:/Users/Mohamed Kwaik/Desktop/FurFury/Content/Meshes/Level1/blinn3.uasset" 202
"C:/Users/Mohamed Kwaik/Desktop/FurFury/Content/Meshes/Level1/lambert10.uasset" 203
"C:/Users/Mohamed Kwaik/Desktop/FurFury/Content/Meshes/Level1/lambert2.uasset" 204
"C:/Users/Mohamed Kwaik/Desktop/FurFury/Content/Meshes/Level1/level_1_pCube10.uasset" 205
"C:/Users/Mohamed Kwaik/Desktop/FurFury/Content/Meshes/Level1/level_1_pCube100.uasset" 206
"C:/Users/Mohamed Kwaik/Desktop/FurFury/Content/Meshes/Level1/blinn1.uasset" 207
"C:/Users/Mohamed Kwaik/Desktop/FurFury/Content/Meshes/Level1/level_1_pCube101.uasset" 208
"C:/Users/Mohamed Kwaik/Desktop/FurFury/Content/Meshes/Level1/level_1_pCube102.uasset" 209
"C:/Users/Mohamed Kwaik/Desktop/FurFury/Content/Meshes/Level1/level_1_pCube105.uasset" 210
"C:/Users/Mohamed Kwaik/Desktop/FurFury/Content/Meshes/Level1/level_1_pCube106.uasset" 211
"C:/Users/Mohamed Kwaik/Desktop/FurFury/Content/Meshes/Level1/level_1_pCube107.uasset" 212
"C:/Users/Mohamed Kwaik/Desktop/FurFury/Content/Meshes/Level1/level_1_pCube108.uasset" 213
"C:/Users/Mohamed Kwaik/Desktop/FurFury/Content/Meshes/Level1/level_1_pCube109.uasset" 214
"C:/Users/Mohamed Kwaik/Desktop/FurFury/Content/Meshes/Level1/level_1_pCube11.uasset" 215
"C:/Users/Mohamed Kwaik/Desktop/FurFury/Content/Meshes/Level1/level_1_pCube110.uasset" 216
"C:/Users/Mohamed Kwaik/Desktop/FurFury/Content/Meshes/Level1/level_1_pCube113.uasset" 217
"C:/Users/Mohamed Kwaik/Desktop/FurFury/Content/Meshes/Level1/level_1_pCube114.uasset" 218
"C:/Users/Mohamed Kwaik/Desktop/FurFury/Content/Meshes/Level1/level_1_pCube116.uasset" 219
"C:/Users/Mohamed Kwaik/Desktop/FurFury/Content/Meshes/Level1/level_1_pCube117.uasset" 220
"C:/Users/Mohamed Kwaik/Desktop/FurFury/Content/Meshes/Level1/level_1_pCube118.uasset" 221
"C:/Users/Mohamed Kwaik/Desktop/FurFury/Content/Meshes/Level1/level_1_pCube12.uasset" 222
"C:/Users/Mohamed Kwaik/Desktop/FurFury/Content/Meshes/Level1/level_1_pCube120.uasset" 223
"C:/Users/Mohamed Kwaik/Desktop/FurFury/Content/Meshes/Level1/level_1_pCube121.uasset" 224
"C:/Users/Mohamed Kwaik/Desktop/FurFury/Content/Meshes/Level1/level_1_pCube122.uasset" 225
"C:/Users/Mohamed Kwaik/Desktop/FurFury/Content/Meshes/Level1/level_1_pCube123.uasset" 226
"C:/Users/Mohamed Kwaik/Desktop/FurFury/Content/Meshes/Level1/level_1_pCube125.uasset" 227
"C:/Users/Mohamed Kwaik/Desktop/FurFury/Content/Meshes/Level1/level_1_pCube126.uasset" 228
"C:/Users/Mohamed Kwaik/Desktop/FurFury/Content/Meshes/Level1/level_1_pCube127.uasset" 229
"C:/Users/Mohamed Kwaik/Desktop/FurFury/Content/Meshes/Level1/level_1_pCube128.uasset" 230
"C:/Users/Mohamed Kwaik/Desktop/FurFury/Content/Meshes/Level1/level_1_pCube129.uasset" 231
"C:/Users/Mohamed Kwaik/Desktop/FurFury/Content/Meshes/Level1/level_1_pCube13.uasset" 232
"C:/Users/Mohamed Kwaik/Desktop/FurFury/Content/Meshes/Level1/level_1_pCube131.uasset" 233
"C:/Users/Mohamed Kwaik/Desktop/FurFury/Content/Meshes/Level1/level_1_pCube132.uasset" 234
"C:/Users/Mohamed Kwaik/Desktop/FurFury/Content/Meshes/Level1/level_1_pCube133.uasset" 235
"C:/Users/Mohamed Kwaik/Desktop/FurFury/Content/Meshes/Level1/level_1_pCube133_1.uasset" 236
"C:/Users/Mohamed Kwaik/Desktop/FurFury/Content/Meshes/Level1/level_1_pCube134.uasset" 237
"C:/Users/Mohamed Kwaik/Desktop/FurFury/Content/Meshes/Level1/level_1_pCube135.uasset" 238
"C:/Users/Mohamed Kwaik/Desktop/FurFury/Content/Meshes/Level1/level_1_pCube136.uasset" 239
"C:/Users/Mohamed Kwaik/Desktop/FurFury/Content/Meshes/Level1/level_1_pCube137.uasset" 240
"C:/Users/Mohamed Kwaik/Desktop/FurFury/Content/Meshes/Level1/level_1_pCube138.uasset" 241
"C:/Users/Mohamed Kwaik/Desktop/FurFury/Content/Meshes/Level1/level_1_pCube139.uasset" 242
"C:/Users/Mohamed Kwaik/Desktop/FurFury/Content/Meshes/Level1/level_1_pCube14.uasset" 243
"C:/Users/Mohamed Kwaik/Desktop/FurFury/Content/Meshes/Level1/level_1_pCube140.uasset" 244
"C:/Users/Mohamed Kwaik/Desktop/FurFury/Content/Meshes/Level1/level_1_pCube141.uasset" 245
"C:/Users/Mohamed Kwaik/Desktop/FurFury/Content/Meshes/Level1/level_1_pCube142.uasset" 246
"C:/Users/Mohamed Kwaik/Desktop/FurFury/Content/Meshes/Level1/level_1_pCube143.uasset" 247
"C:/Users/Mohamed Kwaik/Desktop/FurFury/Content/Meshes/Level1/level_1_pCube144.uasset" 248
"C:/Users/Mohamed Kwaik/Desktop/FurFury/Content/Meshes/Level1/level_1_pCube145.uasset" 249
"C:/Users/Mohamed Kwaik/Desktop/FurFury/Content/Meshes/Level1/level_1_pCube146.uasset" 250
"C:/Users/Mohamed Kwaik/Desktop/FurFury/Content/Meshes/Level1/level_1_pCube147.uasset" 251
"C:/Users/Mohamed Kwaik/Desktop/FurFury/Content/Meshes/Level1/level_1_pCube148.uasset" 252
"C:/Users/Mohamed Kwaik/Desktop/FurFury/Content/Meshes/Level1/level_1_pCube149.uasset" 253
"C:/Users/Mohamed Kwaik/Desktop/FurFury/Content/Meshes/Level1/level_1_pCube15.uasset" 254
"C:/Users/Mohamed Kwaik/Desktop/FurFury/Content/Meshes/Level1/level_1_pCube150.uasset" 255
"C:/Users/Mohamed Kwaik/Desktop/FurFury/Content/Meshes/Level1/level_1_pCube150_1.uasset" 256
"C:/Users/Mohamed Kwaik/Desktop/FurFury/Content/Meshes/Level1/level_1_pCube151.uasset" 257
"C:/Users/Mohamed Kwaik/Desktop/FurFury/Content/Meshes/Level1/level_1_pCube151_1.uasset" 258
"C:/Users/Mohamed Kwaik/Desktop/FurFury/Content/Meshes/Level1/level_1_pCube152.uasset" 259
"C:/Users/Mohamed Kwaik/Desktop/FurFury/Content/Meshes/Level1/level_1_pCube152_1.uasset" 260
"C:/Users/Mohamed Kwaik/Desktop/FurFury/Content/Meshes/Level1/level_1_pCube153.uasset" 261
"C:/Users/Mohamed Kwaik/Desktop/FurFury/Content/Meshes/Level1/level_1_pCube154.uasset" 262
"C:/Users/Mohamed Kwaik/Desktop/FurFury/Content/Meshes/Level1/level_1_pCube155.uasset" 263
"C:/Users/Mohamed Kwaik/Desktop/FurFury/Content/Meshes/Level1/level_1_pCube156.uasset" 264
"C:/Users/Mohamed Kwaik/Desktop/FurFury/Content/Meshes/Level1/level_1_pCube157.uasset" 265
"C:/Users/Mohamed Kwaik/Desktop/FurFury/Content/Meshes/Level1/level_1_pCube158.uasset" 266
"C:/Users/Mohamed Kwaik/Desktop/FurFury/Content/Meshes/Level1/level_1_pCube159.uasset" 267
"C:/Users/Mohamed Kwaik/Desktop/FurFury/Content/Meshes/Level1/level_1_pCube16.uasset" 268
"C:/Users/Mohamed Kwaik/Desktop/FurFury/Content/Meshes/Level1/level_1_pCube160.uasset" 269
"C:/Users/Mohamed Kwaik/Desktop/FurFury/Content/Meshes/Level1/level_1_pCube161.uasset" 270
"C:/Users/Mohamed Kwaik/Desktop/FurFury/Content/Meshes/Level1/level_1_pCube162.uasset" 271
"C:/Users/Mohamed Kwaik/Desktop/FurFury/Content/Meshes/Level1/level_1_pCube162_1.uasset" 272
"C:/Users/Mohamed Kwaik/Desktop/FurFury/Content/Meshes/Level1/level_1_pCube163.uasset" 273
"C:/Users/Mohamed Kwaik/Desktop/FurFury/Content/Meshes/Level1/level_1_pCube164.uasset" 274
"C:/Users/Mohamed Kwaik/Desktop/FurFury/Content/Meshes/Level1/level_1_pCube165.uasset" 275
"C:/Users/Mohamed Kwaik/Desktop/FurFury/Content/Meshes/Level1/level_1_pCube166.uasset" 276
"C:/Users/Mohamed Kwaik/Desktop/FurFury/Content/Meshes/Level1/lambert7.uasset" 277
"C:/Users/Mohamed Kwaik/Desktop/FurFury/Content/Meshes/Level1/level_1_pCube167.uasset" 278
"C:/Users/Mohamed Kwaik/Desktop/FurFury/Content/Meshes/Level1/level_1_pCube168.uasset" 279
"C:/Users/Mohamed Kwaik/Desktop/FurFury/Content/Meshes/Level1/level_1_pCube17.uasset" 280
"C:/Users/Mohamed Kwaik/Desktop/FurFury/Content/Meshes/Level1/level_1_pCube171.uasset" 281
"C:/Users/Mohamed Kwaik/Desktop/FurFury/Content/Meshes/Level1/level_1_pCube172.uasset" 282
"C:/Users/Mohamed Kwaik/Desktop/FurFury/Content/Meshes/Level1/level_1_pCube177.uasset" 283
"C:/Users/Mohamed Kwaik/Desktop/FurFury/Content/Meshes/Level1/level_1_pCube178.uasset" 284
"C:/Users/Mohamed Kwaik/Desktop/FurFury/Content/Meshes/Level1/level_1_pCube179.uasset" 285
"C:/Users/Mohamed Kwaik/Desktop/FurFury/Content/Meshes/Level1/level_1_pCube18.uasset" 286
"C:/Users/Mohamed Kwaik/Desktop/FurFury/Content/Meshes/Level1/level_1_pCube180.uasset" 287
"C:/Users/Mohamed Kwaik/Desktop/FurFury/Content/Meshes/Level1/level_1_pCube181.uasset" 288
"C:/Users/Mohamed Kwaik/Desktop/FurFury/Content/Meshes/Level1/level_1_pCube182.uasset" 289
"C:/Users/Mohamed Kwaik/Desktop/FurFury/Content/Meshes/Level1/level_1_pCube183.uasset" 290
"C:/Users/Mohamed Kwaik/Desktop/FurFury/Content/Meshes/Level1/level_1_pCube19.uasset" 291
"C:/Users/Mohamed Kwaik/Desktop/FurFury/Content/Meshes/Level1/level_1_pCube2.uasset" 292
"C:/Users/Mohamed Kwaik/Desktop/FurFury/Content/Meshes/Level1/level_1_pCube20.uasset" 293
"C:/Users/Mohamed Kwaik/Desktop/FurFury/Content/Meshes/Level1/level_1_pCube21.uasset" 294
"C:/Users/Mohamed Kwaik/Desktop/FurFury/Content/Meshes/Level1/level_1_pCube22.uasset" 295
"C:/Users/Mohamed Kwaik/Desktop/FurFury/Content/Meshes/Level1/level_1_pCube23.uasset" 296
"C:/Users/Mohamed Kwaik/Desktop/FurFury/Content/Meshes/Level1/level_1_pCube24.uasset" 297
"C:/Users/Mohamed Kwaik/Desktop/FurFury/Content/Meshes/Level1/level_1_pCube25.uasset" 298
"C:/Users/Mohamed Kwaik/Desktop/FurFury/Content/Meshes/Level1/level_1_pCube26.uasset" 299
"C:/Users/Mohamed Kwaik/Desktop/FurFury/Content/Meshes/Level1/level_1_pCube27.uasset" 300
"C:/Users/Mohamed Kwaik/Desktop/FurFury/Content/Meshes/Level1/level_1_pCube28.uasset" 301
"C:/Users/Mohamed Kwaik/Desktop/FurFury/Content/Meshes/Level1/level_1_pCube29.uasset" 302
"C:/Users/Mohamed Kwaik/Desktop/FurFury/Content/Meshes/Level1/level_1_pCube3.uasset" 303
"C:/Users/Mohamed Kwaik/Desktop/FurFury/Content/Meshes/Level1/level_1_pCube30.uasset" 304
"C:/Users/Mohamed Kwaik/Desktop/FurFury/Content/Meshes/Level1/level_1_pCube31.uasset" 305
"C:/Users/Mohamed Kwaik/Desktop/FurFury/Content/Meshes/Level1/level_1_pCube32.uasset" 306
"C:/Users/Mohamed Kwaik/Desktop/FurFury/Content/Meshes/Level1/level_1_pCube33.uasset" 307
"C:/Users/Mohamed Kwaik/Desktop/FurFury/Content/Meshes/Level1/level_1_pCube33_1.uasset" 308
"C:/Users/Mohamed Kwaik/Desktop/FurFury/Content/Meshes/Level1/level_1_pCube34.uasset" 309
"C:/Users/Mohamed Kwaik/Desktop/FurFury/Content/Meshes/Level1/level_1_pCube35.uasset" 310
"C:/Users/Mohamed Kwaik/Desktop/FurFury/Content/Meshes/Level1/level_1_pCube35_1.uasset" 311
"C:/Users/Mohamed Kwaik/Desktop/FurFury/Content/Meshes/Level1/level_1_pCube36.uasset" 312
"C:/Users/Mohamed Kwaik/Desktop/FurFury/Content/Meshes/Level1/level_1_pCube37.uasset" 313
"C:/Users/Mohamed Kwaik/Desktop/FurFury/Content/Meshes/Level1/level_1_pCube38.uasset" 314
"C:/Users/Mohamed Kwaik/Desktop/FurFury/Content/Meshes/Level1/level_1_pCube39.uasset" 315
"C:/Users/Mohamed Kwaik/Desktop/FurFury/Content/Meshes/Level1/level_1_pCube4.uasset" 316
"C:/Users/Mohamed Kwaik/Desktop/FurFury/Content/Meshes/Level1/level_1_pCube40.uasset" 317
"C:/Users/Mohamed Kwaik/Desktop/FurFury/Content/Meshes/Level1/level_1_pCube41.uasset" 318
"C:/Users/Mohamed Kwaik/Desktop/FurFury/Content/Meshes/Level1/level_1_pCube42.uasset" 319
"C:/Users/Mohamed Kwaik/Desktop/FurFury/Content/Meshes/Level1/level_1_pCube43.uasset" 320
"C:/Users/Mohamed Kwaik/Desktop/FurFury/Content/Meshes/Level1/level_1_pCube43_1.uasset" 321
"C:/Users/Mohamed Kwaik/Desktop/FurFury/Content/Meshes/Level1/level_1_pCube44.uasset" 322
"C:/Users/Mohamed Kwaik/Desktop/FurFury/Content/Meshes/Level1/level_1_pCube45.uasset" 323
"C:/Users/Mohamed Kwaik/Desktop/FurFury/Content/Meshes/Level1/level_1_pCube46.uasset" 324
"C:/Users/Mohamed Kwaik/Desktop/FurFury/Content/Meshes/Level1/level_1_pCube47.uasset" 325
"C:/Users/Mohamed Kwaik/Desktop/FurFury/Content/Meshes/Level1/level_1_pCube48.uasset" 326
"C:/Users/Mohamed Kwaik/Desktop/FurFury/Content/Meshes/Level1/level_1_pCube49.uasset" 327
"C:/Users/Mohamed Kwaik/Desktop/FurFury/Content/Meshes/Level1/level_1_pCube5.uasset" 328
"C:/Users/Mohamed Kwaik/Desktop/FurFury/Content/Meshes/Level1/level_1_pCube50.uasset" 329
"C:/Users/Mohamed Kwaik/Desktop/FurFury/Content/Meshes/Level1/level_1_pCube51.uasset" 330
"C:/Users/Mohamed Kwaik/Desktop/FurFury/Content/Meshes/Level1/level_1_pCube52.uasset" 331
"C:/Users/Mohamed Kwaik/Desktop/FurFury/Content/Meshes/Level1/level_1_pCube53.uasset" 332
"C:/Users/Mohamed Kwaik/Desktop/FurFury/Content/Meshes/Level1/level_1_pCube54.uasset" 333
"C:/Users/Mohamed Kwaik/Desktop/FurFury/Content/Meshes/Level1/level_1_pCube55.uasset" 334
"C:/Users/Mohamed Kwaik/Desktop/FurFury/Content/Meshes/Level1/level_1_pCube56.uasset" 335
"C:/Users/Mohamed Kwaik/Desktop/FurFury/Content/Meshes/Level1/level_1_pCube57.uasset" 336
"C:/Users/Mohamed Kwaik/Desktop/FurFury/Content/Meshes/Level1/level_1_pCube6.uasset" 337
"C:/Users/Mohamed Kwaik/Desktop/FurFury/Content/Meshes/Level1/level_1_pCube7.uasset" 338
"C:/Users/Mohamed Kwaik/Desktop/FurFury/Content/Meshes/Level1/level_1_pCube74.uasset" 339
"C:/Users/Mohamed Kwaik/Desktop/FurFury/Content/Meshes/Level1/level_1_pCube75.uasset" 340
"C:/Users/Mohamed Kwaik/Desktop/FurFury/Content/Meshes/Level1/level_1_pCube76.uasset" 341
"C:/Users/Mohamed Kwaik/Desktop/FurFury/Content/Meshes/Level1/level_1_pCube77.uasset" 342
"C:/Users/Mohamed Kwaik/Desktop/FurFury/Content/Meshes/Level1/level_1_pCube78.uasset" 343
"C:/Users/Mohamed Kwaik/Desktop/FurFury/Content/Meshes/Level1/level_1_pCube79.uasset" 344
"C:/Users/Mohamed Kwaik/Desktop/FurFury/Content/Meshes/Level1/level_1_pCube8.uasset" 345
"C:/Users/Mohamed Kwaik/Desktop/FurFury/Content/Meshes/Level1/level_1_pCube80.uasset" 346
"C:/Users/Mohamed Kwaik/Desktop/FurFury/Content/Meshes/Level1/level_1_pCube81.uasset" 347
"C:/Users/Mohamed Kwaik/Desktop/FurFury/Content/Meshes/Level1/level_1_pCube82.uasset" 348
"C:/Users/Mohamed Kwaik/Desktop/FurFury/Content/Meshes/Level1/level_1_pCube83.uasset" 349
"C:/Users/Mohamed Kwaik/Desktop/FurFury/Content/Meshes/Level1/level_1_pCube84.uasset" 350
"C:/Users/Mohamed Kwaik/Desktop/FurFury/Content/Meshes/Level1/level_1_pCube85.uasset" 351
"C:/Users/Mohamed Kwaik/Desktop/FurFury/Content/Meshes/Level1/level_1_pCube86.uasset" 352
"C:/Users/Mohamed Kwaik/Desktop/FurFury/Content/Meshes/Level1/level_1_pCube87.uasset" 353
"C:/Users/Mohamed Kwaik/Desktop/FurFury/Content/Meshes/Level1/level_1_pCube88.uasset" 354
"C:/Users/Mohamed Kwaik/Desktop/FurFury/Content/Meshes/Level1/level_1_pCube89.uasset" 355
"C:/Users/Mohamed Kwaik/Desktop/FurFury/Content/Meshes/Level1/level_1_pCube9.uasset" 356
"C:/Users/Mohamed Kwaik/Desktop/FurFury/Content/Meshes/Level1/level_1_pCube91.uasset" 357
"C:/Users/Mohamed Kwaik/Desktop/FurFury/Content/Meshes/Level1/level_1_pCube92.uasset" 358
"C:/Users/Mohamed Kwaik/Desktop/FurFury/Content/Meshes/Level1/level_1_pCube93.uasset" 359
"C:/Users/Mohamed Kwaik/Desktop/FurFury/Content/Meshes/Level1/level_1_pCube94.uasset" 360
"C:/Users/Mohamed Kwaik/Desktop/FurFury/Content/Meshes/Level1/level_1_pCube95.uasset" 361
"C:/Users/Mohamed Kwaik/Desktop/FurFury/Content/Meshes/Level1/level_1_pCube96.uasset" 362
"C:/Users/Mohamed Kwaik/Desktop/FurFury/Content/Meshes/Level1/level_1_pCube97.uasset" 363
"C:/Users/Mohamed Kwaik/Desktop/FurFury/Content/Meshes/Level1/level_1_pCube98.uasset" 364
"C:/Users/Mohamed Kwaik/Desktop/FurFury/Content/Meshes/Level1/level_1_pCube99.uasset" 365
"C:/Users/Mohamed Kwaik/Desktop/FurFury/Content/Meshes/Level1/level_1_pCylinder18.uasset" 366
"C:/Users/Mohamed Kwaik/Desktop/FurFury/Content/Meshes/Level1/level_1_polySurface1.uasset" 367
"C:/Users/Mohamed Kwaik/Desktop/FurFury/Content/Meshes/Level1/level_1_polySurface10.uasset" 368
"C:/Users/Mohamed Kwaik/Desktop/FurFury/Content/Meshes/Level1/level_1_polySurface11.uasset" 369
"C:/Users/Mohamed Kwaik/Desktop/FurFury/Content/Meshes/Level1/level_1_polySurface12.uasset" 370
"C:/Users/Mohamed Kwaik/Desktop/FurFury/Content/Meshes/Level1/level_1_polySurface13.uasset" 371
"C:/Users/Mohamed Kwaik/Desktop/FurFury/Content/Meshes/Level1/level_1_polySurface14.uasset" 372
"C:/Users/Mohamed Kwaik/Desktop/FurFury/Content/Meshes/Level1/level_1_polySurface15.uasset" 373
"C:/Users/Mohamed Kwaik/Desktop/FurFury/Content/Meshes/Level1/level_1_polySurface16.uasset" 374
"C:/Users/Mohamed Kwaik/Desktop/FurFury/Content/Meshes/Level1/level_1_polySurface17.uasset" 375
"C:/Users/Mohamed Kwaik/Desktop/FurFury/Content/Meshes/Level1/level_1_polySurface18.uasset" 376
"C:/Users/Mohamed Kwaik/Desktop/FurFury/Content/Meshes/Level1/level_1_polySurface19.uasset" 377
"C:/Users/Mohamed Kwaik/Desktop/FurFury/Content/Meshes/Level1/level_1_polySurface2.uasset" 378
"C:/Users/Mohamed Kwaik/Desktop/FurFury/Content/Meshes/Level1/level_1_polySurface20.uasset" 379
"C:/Users/Mohamed Kwaik/Desktop/FurFury/Content/Meshes/Level1/level_1_polySurface21.uasset" 380
"C:/Users/Mohamed Kwaik/Desktop/FurFury/Content/Meshes/Level1/level_1_polySurface22.uasset" 381
"C:/Users/Mohamed Kwaik/Desktop/FurFury/Content/Meshes/Level1/level_1_polySurface23.uasset" 382
"C:/Users/Mohamed Kwaik/Desktop/FurFury/Content/Meshes/Level1/level_1_polySurface24.uasset" 383
"C:/Users/Mohamed Kwaik/Desktop/FurFury/Content/Meshes/Level1/level_1_polySurface25.uasset" 384
"C:/Users/Mohamed Kwaik/Desktop/FurFury/Content/Meshes/Level1/level_1_polySurface26.uasset" 385
"C:/Users/Mohamed Kwaik/Desktop/FurFury/Content/Meshes/Level1/level_1_polySurface27.uasset" 386
"C:/Users/Mohamed Kwaik/Desktop/FurFury/Content/Meshes/Level1/level_1_polySurface28.uasset" 387
"C:/Users/Mohamed Kwaik/Desktop/FurFury/Content/Meshes/Level1/level_1_polySurface29.uasset" 388
"C:/Users/Mohamed Kwaik/Desktop/FurFury/Content/Meshes/Level1/level_1_polySurface3.uasset" 389
"C:/Users/Mohamed Kwaik/Desktop/FurFury/Content/Meshes/Level1/lambert4.uasset" 390
"C:/Users/Mohamed Kwaik/Desktop/FurFury/Content/Meshes/Level1/level_1_polySurface30.uasset" 391
"C:/Users/Mohamed Kwaik/Desktop/FurFury/Content/Meshes/Level1/lambert3.uasset" 392
"C:/Users/Mohamed Kwaik/Desktop/FurFury/Content/Meshes/Level1/lambert5.uasset" 393
"C:/Users/Mohamed Kwaik/Desktop/FurFury/Content/Meshes/Level1/lambert6.uasset" 394
"C:/Users/Mohamed Kwaik/Desktop/FurFury/Content/Meshes/Level1/oceanShader1.uasset" 395
"C:/Users/Mohamed Kwaik/Desktop/FurFury/Content/Meshes/Level1/oceanShader2.uasset" 396
"C:/Users/Mohamed Kwaik/Desktop/FurFury/Content/Meshes/Level1/oceanShader5.uasset" 397
"C:/Users/Mohamed Kwaik/Desktop/FurFury/Content/Meshes/Level1/level_1_polySurface31.uasset" 398
"C:/Users/Mohamed Kwaik/Desktop/FurFury/Content/Meshes/Level1/level_1_polySurface32.uasset" 399
"C:/Users/Mohamed Kwaik/Desktop/FurFury/Content/Meshes/Level1/level_1_polySurface33.uasset" 400
"C:/Users/Mohamed Kwaik/Desktop/FurFury/Content/Meshes/Level1/level_1_polySurface34.uasset" 401
"C:/Users/Mohamed Kwaik/Desktop/FurFury/Content/Meshes/Level1/level_1_polySurface35.uasset" 402
"C:/Users/Mohamed Kwaik/Desktop/FurFury/Content/Meshes/Level1/level_1_polySurface36.uasset" 403
"C:/Users/Mohamed Kwaik/Desktop/FurFury/Content/Meshes/Level1/level_1_polySurface37.uasset" 404
"C:/Users/Mohamed Kwaik/Desktop/FurFury/Content/Meshes/Level1/level_1_polySurface38.uasset" 405
"C:/Users/Mohamed Kwaik/Desktop/FurFury/Content/Meshes/Level1/lambert1.uasset" 406
"C:/Users/Mohamed Kwaik/Desktop/FurFury/Content/Meshes/Level1/level_1_polySurface39.uasset" 407
"C:/Users/Mohamed Kwaik/Desktop/FurFury/Content/Meshes/Level1/level_1_polySurface4.uasset" 408
"C:/Users/Mohamed Kwaik/Desktop/FurFury/Content/Meshes/Level1/level_1_polySurface40.uasset" 409
"C:/Users/Mohamed Kwaik/Desktop/FurFury/Content/Meshes/Level1/level_1_polySurface41.uasset" 410
"C:/Users/Mohamed Kwaik/Desktop/FurFury/Content/Meshes/Level1/level_1_polySurface42.uasset" 411
"C:/Users/Mohamed Kwaik/Desktop/FurFury/Content/Meshes/Level1/level_1_polySurface43.uasset" 412
"C:/Users/Mohamed Kwaik/Desktop/FurFury/Content/Meshes/Level1/level_1_polySurface44.uasset" 413
"C:/Users/Mohamed Kwaik/Desktop/FurFury/Content/Meshes/Level1/level_1_polySurface45.uasset" 414
"C:/Users/Mohamed Kwaik/Desktop/FurFury/Content/Meshes/Level1/level_1_polySurface46.uasset" 415
"C:/Users/Mohamed Kwaik/Desktop/FurFury/Content/Meshes/Level1/level_1_polySurface47.uasset" 416
"C:/Users/Mohamed Kwaik/Desktop/FurFury/Content/Meshes/Level1/level_1_polySurface48.uasset" 417
"C:/Users/Mohamed Kwaik/Desktop/FurFury/Content/Meshes/Level1/level_1_polySurface49.uasset" 418
"C:/Users/Mohamed Kwaik/Desktop/FurFury/Content/Meshes/Level1/level_1_polySurface5.uasset" 419
"C:/Users/Mohamed Kwaik/Desktop/FurFury/Content/Meshes/Level1/level_1_polySurface50.uasset" 420
"C:/Users/Mohamed Kwaik/Desktop/FurFury/Content/Meshes/Level1/level_1_polySurface51.uasset" 421
"C:/Users/Mohamed Kwaik/Desktop/FurFury/Content/Meshes/Level1/level_1_polySurface52.uasset" 422
"C:/Users/Mohamed Kwaik/Desktop/FurFury/Content/Meshes/Level1/level_1_polySurface53.uasset" 423
"C:/Users/Mohamed Kwaik/Desktop/FurFury/Content/Meshes/Level1/level_1_polySurface54.uasset" 424
"C:/Users/Mohamed Kwaik/Desktop/FurFury/Content/Meshes/Level1/level_1_polySurface55.uasset" 425
"C:/Users/Mohamed Kwaik/Desktop/FurFury/Content/Meshes/Level1/level_1_polySurface56.uasset" 426
"C:/Users/Mohamed Kwaik/Desktop/FurFury/Content/Meshes/Level1/level_1_polySurface57.uasset" 427
"C:/Users/Mohamed Kwaik/Desktop/FurFury/Content/Meshes/Level1/level_1_polySurface6.uasset" 428
"C:/Users/Mohamed Kwaik/Desktop/FurFury/Content/Meshes/Level1/level_1_polySurface7.uasset" 429
"C:/Users/Mohamed Kwaik/Desktop/FurFury/Content/Meshes/Level1/level_1_polySurface8.uasset" 430
"C:/Users/Mohamed Kwaik/Desktop/FurFury/Content/Meshes/Level1/level_1_polySurface9.uasset" 431
"C:/Users/Mohamed Kwaik/Desktop/FurFury/Content/Meshes/Level1/level_1_pPlane2.uasset" 432
"C:/Users/Mohamed Kwaik/Desktop/FurFury/Content/UI/HUD.uasset" 433
"C:/Users/Mohamed Kwaik/Desktop/FurFury/Content/Maps/NewMap.umap" 434
"C:/Users/Mohamed Kwaik/Desktop/FurFury/Content/Maps/NewMap1_BuiltData.uasset" 435
"../../../Engine/Content/MapTemplates/SM_Template_Map_Floor.uasset" 436
"C:/Users/Mohamed Kwaik/Desktop/FurFury/Content/Maps/NewMap1.umap" 437
"../../../Engine/Content/Maps/Entry_BuiltData.uasset" 438
"../../../Engine/Content/Maps/Entry.umap" 439
